c:\users\hoholee12\documents\visual studio 2013\projects\consoleapplication32\consoleapplication32\debug\vc120.pdb
c:\users\hoholee12\documents\visual studio 2013\projects\consoleapplication32\consoleapplication32\debug\vc120.idb
c:\users\hoholee12\documents\visual studio 2013\projects\consoleapplication32\consoleapplication32\debug\main.obj
c:\users\hoholee12\documents\visual studio 2013\projects\consoleapplication32\consoleapplication32\debug\cpu.obj
c:\users\hoholee12\documents\visual studio 2013\projects\consoleapplication32\consoleapplication32\debug\input.obj
c:\users\hoholee12\documents\visual studio 2013\projects\consoleapplication32\consoleapplication32\debug\memory.obj
c:\users\hoholee12\documents\visual studio 2013\projects\consoleapplication32\consoleapplication32\debug\chip8.obj
c:\users\hoholee12\documents\visual studio 2013\projects\consoleapplication32\consoleapplication32\debug\video.obj
c:\users\hoholee12\documents\visual studio 2013\projects\consoleapplication32\debug\consoleapplication32.ilk
c:\users\hoholee12\documents\visual studio 2013\projects\consoleapplication32\debug\consoleapplication32.exe
c:\users\hoholee12\documents\visual studio 2013\projects\consoleapplication32\debug\consoleapplication32.pdb
c:\users\hoholee12\documents\visual studio 2013\projects\consoleapplication32\consoleapplication32\debug\consolea.cb15b1f2.tlog\cl.command.1.tlog
c:\users\hoholee12\documents\visual studio 2013\projects\consoleapplication32\consoleapplication32\debug\consolea.cb15b1f2.tlog\cl.read.1.tlog
c:\users\hoholee12\documents\visual studio 2013\projects\consoleapplication32\consoleapplication32\debug\consolea.cb15b1f2.tlog\cl.write.1.tlog
c:\users\hoholee12\documents\visual studio 2013\projects\consoleapplication32\consoleapplication32\debug\consolea.cb15b1f2.tlog\link-cvtres.read.1.tlog
c:\users\hoholee12\documents\visual studio 2013\projects\consoleapplication32\consoleapplication32\debug\consolea.cb15b1f2.tlog\link-cvtres.write.1.tlog
c:\users\hoholee12\documents\visual studio 2013\projects\consoleapplication32\consoleapplication32\debug\consolea.cb15b1f2.tlog\link-rc.read.1.tlog
c:\users\hoholee12\documents\visual studio 2013\projects\consoleapplication32\consoleapplication32\debug\consolea.cb15b1f2.tlog\link-rc.write.1.tlog
c:\users\hoholee12\documents\visual studio 2013\projects\consoleapplication32\consoleapplication32\debug\consolea.cb15b1f2.tlog\link.19640-cvtres.read.1.tlog
c:\users\hoholee12\documents\visual studio 2013\projects\consoleapplication32\consoleapplication32\debug\consolea.cb15b1f2.tlog\link.19640-cvtres.write.1.tlog
c:\users\hoholee12\documents\visual studio 2013\projects\consoleapplication32\consoleapplication32\debug\consolea.cb15b1f2.tlog\link.19640-rc.read.1.tlog
c:\users\hoholee12\documents\visual studio 2013\projects\consoleapplication32\consoleapplication32\debug\consolea.cb15b1f2.tlog\link.19640-rc.write.1.tlog
c:\users\hoholee12\documents\visual studio 2013\projects\consoleapplication32\consoleapplication32\debug\consolea.cb15b1f2.tlog\link.19640.read.1.tlog
c:\users\hoholee12\documents\visual studio 2013\projects\consoleapplication32\consoleapplication32\debug\consolea.cb15b1f2.tlog\link.19640.write.1.tlog
c:\users\hoholee12\documents\visual studio 2013\projects\consoleapplication32\consoleapplication32\debug\consolea.cb15b1f2.tlog\link.command.1.tlog
c:\users\hoholee12\documents\visual studio 2013\projects\consoleapplication32\consoleapplication32\debug\consolea.cb15b1f2.tlog\link.read.1.tlog
c:\users\hoholee12\documents\visual studio 2013\projects\consoleapplication32\consoleapplication32\debug\consolea.cb15b1f2.tlog\link.write.1.tlog
